strict graph "Goldner-Harary graph" {
	0 -- 1;
	0 -- 3;
	0 -- 4;
	1 -- 2;
	1 -- 3;
	1 -- 4;
	1 -- 5;
	1 -- 6;
	1 -- 7;
	1 -- 10;
	2 -- 3;
	2 -- 7;
	3 -- 4;
	3 -- 7;
	3 -- 8;
	3 -- 9;
	3 -- 10;
	4 -- 5;
	4 -- 9;
	4 -- 10;
	5 -- 10;
	6 -- 7;
	6 -- 10;
	7 -- 8;
	7 -- 10;
	8 -- 10;
	9 -- 10;
}

n vertices = 11 | n arestas = 27

grau maximo = 8 | grau minimo = 3

grau medio = 4

eh regular? nao

eh completo? nao

eh conexo? sim

eh bipartido? nao

n triangulos = 25

0 1 0 1 1 0 0 0 0 0 0 
1 0 1 1 1 1 1 1 0 0 1 
0 1 0 1 0 0 0 1 0 0 0 
1 1 1 0 1 0 0 1 1 1 1 
1 1 0 1 0 1 0 0 0 1 1 
0 1 0 0 1 0 0 0 0 0 1 
0 1 0 0 0 0 0 1 0 0 1 
0 1 1 1 0 0 1 0 1 0 1 
0 0 0 1 0 0 0 1 0 0 1 
0 0 0 1 1 0 0 0 0 0 1 
0 1 0 1 1 1 1 1 1 1 0 

