graph Heawood {
	node [color=black,
		fontname=Arial,
		height=0.500000,
		label="\N",
		shape=circle,
		width=0.50000
	];
	edge [color=black];
	0 -- 1;
	0 -- 5	[len=2.5];
	1 -- 2;
	2 -- 3;
	2 -- 7	[len=2.5];
	3 -- 4;
	4 -- 5;
	4 -- 9	[len=2.5];
	5 -- 6;
	6 -- 7;
	6 -- 11	[len=2.5];
	7 -- 8;
	8 -- 9;
	8 -- 13	[len=2.5];
	9 -- 10;
	10 -- 1	[len=2.5];
	10 -- 11;
	11 -- 12;
	12 -- 3	[len=2.5];
	12 -- 13;
	13 -- 0;
}

n vertices = 14 | n arestas = 21

grau maximo = 3 | grau minimo = 3

grau medio = 3

eh regular? sim

eh completo? nao

eh conexo? sim

eh bipartido? sim

n triangulos = 0

0 1 0 0 0 1 0 0 0 0 0 0 0 1 
1 0 1 0 0 0 0 0 0 0 1 0 0 0 
0 1 0 1 0 0 0 1 0 0 0 0 0 0 
0 0 1 0 1 0 0 0 0 0 0 0 1 0 
0 0 0 1 0 1 0 0 0 1 0 0 0 0 
1 0 0 0 1 0 1 0 0 0 0 0 0 0 
0 0 0 0 0 1 0 1 0 0 0 1 0 0 
0 0 1 0 0 0 1 0 1 0 0 0 0 0 
0 0 0 0 0 0 0 1 0 1 0 0 0 1 
0 0 0 0 1 0 0 0 1 0 1 0 0 0 
0 1 0 0 0 0 0 0 0 1 0 1 0 0 
0 0 0 0 0 0 1 0 0 0 1 0 1 0 
0 0 0 1 0 0 0 0 0 0 0 1 0 1 
1 0 0 0 0 0 0 0 1 0 0 0 1 0 

