graph Petersen {
	node [color=black,
		fontname=Arial,
		height=0.400000,
		label="\N",
		shape=circle,
		width=0.400000
	];
	edge [color=black];
	0 -- 1	[color=blue,
		len=2.6];
	0 -- 5	[color=red,
		weight=5];
	1 -- 2	[color=blue,
		len=2.6];
	1 -- 6	[color=red,
		weight=5];
	2 -- 3	[color=blue,
		len=2.6];
	2 -- 7	[color=red,
		weight=5];
	3 -- 4	[color=blue,
		len=2.6];
	3 -- 8	[color=red,
		weight=5];
	4 -- 0	[color=blue,
		len=2.6];
	4 -- 9	[color=red,
		weight=5];
	5 -- 7;
	6 -- 8;
	7 -- 9;
	8 -- 5;
	9 -- 6;
}

n vertices = 10 | n arestas = 15

grau maximo = 3 | grau minimo = 3

grau medio = 3

eh regular? sim

eh completo? nao

eh conexo? sim

eh bipartido? nao

n triangulos = 0

0 1 0 0 1 1 0 0 0 0 
1 0 1 0 0 0 1 0 0 0 
0 1 0 1 0 0 0 1 0 0 
0 0 1 0 1 0 0 0 1 0 
1 0 0 1 0 0 0 0 0 1 
1 0 0 0 0 0 0 1 1 0 
0 1 0 0 0 0 0 0 1 1 
0 0 1 0 0 1 0 0 0 1 
0 0 0 1 0 1 1 0 0 0 
0 0 0 0 1 0 1 1 0 0 

